2024-03-26 00:55:36,742 - DEBUG - Starting mala with command "-d /home/unknown/code/mala/samples/extracted/vxug/InTheWild.0022/ --extracted -v"
2024-03-26 00:55:36,742 - DEBUG - Checking target path /home/unknown/code/mala/samples/extracted/vxug/InTheWild.0022/
2024-03-26 00:55:36,844 - DEBUG - Handling 0 malware samples.
2024-03-26 00:56:04,287 - DEBUG - Starting mala with command "-d /home/unknown/code/mala/samples/extracted/vxug/InTheWild.0022/ --extracted -v"
2024-03-26 00:56:04,287 - DEBUG - Checking target path /home/unknown/code/mala/samples/extracted/vxug/InTheWild.0022/
2024-03-26 00:56:04,320 - DEBUG - Handling 0 malware samples.
2024-03-26 00:56:38,909 - DEBUG - Starting mala with command "-d /home/unknown/code/mala/samples/extracted/vxug/InTheWild.0022/ --extracted -v"
2024-03-26 00:56:38,909 - DEBUG - Checking target path /home/unknown/code/mala/samples/extracted/vxug/InTheWild.0022/
2024-03-26 00:56:38,947 - DEBUG - Handling 0 malware samples.
2024-03-26 01:02:14,854 - DEBUG - Starting mala with command "-d /home/unknown/code/mala/samples/extracted/vxug/InTheWild.0022/ --extracted -v"
2024-03-26 01:02:14,854 - DEBUG - Checking target path /home/unknown/code/mala/samples/extracted/vxug/InTheWild.0022/
2024-03-26 01:02:14,893 - DEBUG - Handling 0 malware samples.
2024-03-26 01:02:33,514 - DEBUG - Starting mala with command "-d /home/unknown/code/mala/samples/extracted/vxug/InTheWild.0022/ --extracted -v"
2024-03-26 01:02:33,514 - DEBUG - Checking target path /home/unknown/code/mala/samples/extracted/vxug/InTheWild.0022/
2024-03-26 01:02:33,548 - DEBUG - Handling 0 malware samples.
2024-03-26 01:03:42,829 - DEBUG - Starting mala with command "-d /home/unknown/code/mala/samples/extracted/vxug/InTheWild.0022/ --extracted -v"
2024-03-26 01:03:42,829 - DEBUG - Checking target path /home/unknown/code/mala/samples/extracted/vxug/InTheWild.0022/
2024-03-26 01:03:42,862 - DEBUG - Handling 0 malware samples.
2024-03-26 01:04:03,421 - DEBUG - Starting mala with command "-d /home/unknown/code/mala/samples/extracted/vxug/InTheWild.0022/ --extracted -v"
2024-03-26 01:04:03,421 - DEBUG - Checking target path /home/unknown/code/mala/samples/extracted/vxug/InTheWild.0022/
2024-03-26 01:04:03,636 - DEBUG - Handling 0 malware samples.
2024-03-26 01:04:18,410 - DEBUG - Starting mala with command "-d /home/unknown/code/mala/samples/extracted/vxug/InTheWild.0022/ --extracted -v"
2024-03-26 01:04:18,410 - DEBUG - Checking target path /home/unknown/code/mala/samples/extracted/vxug/InTheWild.0022/
2024-03-26 01:04:18,696 - DEBUG - Handling 20000 malware samples.
2024-03-26 01:04:18,696 - DEBUG - Running with 32 threads and 32 chunks
2024-03-26 01:04:20,527 - DEBUG - Verified file 831654
2024-03-26 01:04:20,557 - DEBUG - Verified file 837416
2024-03-26 01:04:20,772 - DEBUG - Verified file 826418
2024-03-26 01:04:20,778 - DEBUG - Verified file 829865
2024-03-26 01:04:21,198 - DEBUG - Verified file 832442
2024-03-26 01:04:21,670 - DEBUG - Verified file 831518
2024-03-26 01:04:22,442 - DEBUG - Verified file 823181
2024-03-26 01:04:22,714 - DEBUG - Verified file 832087
2024-03-26 01:04:22,721 - DEBUG - Verified file 837577
2024-03-26 01:04:23,003 - DEBUG - Verified file 822589
2024-03-26 01:04:23,148 - DEBUG - Verified file 837526
2024-03-26 01:04:23,227 - DEBUG - Verified file 820901
2024-03-26 01:04:23,270 - DEBUG - Verified file 829382
2024-03-26 01:04:23,350 - DEBUG - Verified file 823980
2024-03-26 01:04:23,351 - DEBUG - Verified file 826048
2024-03-26 01:04:23,361 - DEBUG - Verified file 824396
2024-03-26 01:04:23,467 - DEBUG - Verified file 837790
2024-03-26 01:04:23,492 - DEBUG - Verified file 828369
2024-03-26 01:04:23,497 - DEBUG - Verified file 829185
2024-03-26 01:04:23,508 - DEBUG - Verified file 820722
2024-03-26 01:04:23,521 - DEBUG - Verified file 830270
2024-03-26 01:04:23,590 - DEBUG - Verified file 834574
2024-03-26 01:04:23,749 - DEBUG - Verified file 818309
2024-03-26 01:04:23,871 - DEBUG - Verified file 831251
2024-03-26 01:04:23,959 - DEBUG - Verified file 832718
2024-03-26 01:04:24,003 - DEBUG - Verified file 818888
2024-03-26 01:04:24,027 - DEBUG - Verified file 835254
2024-03-26 01:04:24,156 - DEBUG - Verified file 830498
2024-03-26 01:04:24,160 - DEBUG - Verified file 831906
2024-03-26 01:04:24,173 - DEBUG - Verified file 828490
2024-03-26 01:04:24,173 - DEBUG - Verified file 821585
2024-03-26 01:04:24,353 - DEBUG - Verified file 825027
2024-03-26 01:04:24,473 - DEBUG - Verified file 835320
2024-03-26 01:04:24,508 - DEBUG - Verified file 835939
2024-03-26 01:04:24,578 - DEBUG - Verified file 833952
2024-03-26 01:04:24,725 - DEBUG - Verified file 833730
2024-03-26 01:04:25,111 - DEBUG - Verified file 837236
2024-03-26 01:04:25,760 - DEBUG - Verified file 827825
2024-03-26 01:04:25,830 - DEBUG - Verified file 829351
2024-03-26 01:04:25,936 - DEBUG - Verified file 820214
2024-03-26 01:04:25,963 - DEBUG - Verified file 837384
2024-03-26 01:04:26,270 - DEBUG - Verified file 836034
2024-03-26 01:04:26,287 - DEBUG - Verified file 825667
2024-03-26 01:04:26,550 - DEBUG - Verified file 821997
2024-03-26 01:04:26,786 - DEBUG - Verified file 836123
2024-03-26 01:04:26,968 - DEBUG - Verified file 821948
2024-03-26 01:04:27,060 - DEBUG - Verified file 830026
2024-03-26 01:04:27,141 - DEBUG - Verified file 819535
2024-03-26 01:04:27,179 - DEBUG - Verified file 831477
2024-03-26 01:04:27,271 - DEBUG - Verified file 830828
2024-03-26 01:04:27,345 - DEBUG - Verified file 827218
2024-03-26 01:04:27,570 - DEBUG - Verified file 831212
2024-03-26 01:04:27,821 - DEBUG - Verified file 818726
2024-03-26 01:04:27,852 - DEBUG - Verified file 818896
2024-03-26 01:04:28,026 - DEBUG - Verified file 818942
2024-03-26 01:04:28,059 - DEBUG - Verified file 829295
2024-03-26 01:04:28,116 - DEBUG - Verified file 827101
2024-03-26 01:04:28,148 - DEBUG - Verified file 832482
2024-03-26 01:04:28,271 - DEBUG - Verified file 828695
2024-03-26 01:04:28,276 - DEBUG - Verified file 819467
2024-03-26 01:04:28,342 - DEBUG - Verified file 833488
2024-03-26 01:04:28,483 - DEBUG - Verified file 833068
2024-03-26 01:04:29,036 - DEBUG - Verified file 823109
2024-03-26 01:04:29,100 - DEBUG - Verified file 823917
2024-03-26 01:04:29,106 - DEBUG - Verified file 827674
2024-03-26 01:04:29,161 - DEBUG - Verified file 827151
2024-03-26 01:04:29,245 - DEBUG - Verified file 822721
2024-03-26 01:04:29,347 - DEBUG - Verified file 827783
2024-03-26 01:04:29,356 - DEBUG - Verified file 832740
2024-03-26 01:04:29,393 - DEBUG - Verified file 825276
2024-03-26 01:04:29,481 - DEBUG - Verified file 823864
2024-03-26 01:04:29,594 - DEBUG - Verified file 820944
2024-03-26 01:04:30,318 - DEBUG - Verified file 836545
2024-03-26 01:04:30,334 - DEBUG - Verified file 825332
2024-03-26 01:04:30,420 - DEBUG - Verified file 822629
2024-03-26 01:04:30,508 - DEBUG - Verified file 834796
2024-03-26 01:04:30,519 - DEBUG - Verified file 825821
2024-03-26 01:04:30,766 - DEBUG - Verified file 834782
2024-03-26 01:04:30,822 - DEBUG - Verified file 818727
2024-03-26 01:04:31,034 - DEBUG - Verified file 826443
2024-03-26 01:04:31,087 - DEBUG - Verified file 837025
2024-03-26 01:04:31,400 - DEBUG - Verified file 826223
2024-03-26 01:04:31,467 - DEBUG - Verified file 821986
2024-03-26 01:04:31,486 - DEBUG - Verified file 837293
2024-03-26 01:04:31,536 - DEBUG - Verified file 832369
2024-03-26 01:04:31,547 - DEBUG - Verified file 822456
2024-03-26 01:04:31,617 - DEBUG - Verified file 833418
2024-03-26 01:04:31,627 - DEBUG - Verified file 823290
2024-03-26 01:04:31,640 - DEBUG - Verified file 820797
2024-03-26 01:04:31,759 - DEBUG - Verified file 829607
2024-03-26 01:04:32,008 - DEBUG - Verified file 822095
2024-03-26 01:04:32,022 - DEBUG - Verified file 835614
2024-03-26 01:04:32,041 - DEBUG - Verified file 829696
2024-03-26 01:04:32,269 - DEBUG - Verified file 822665
2024-03-26 01:04:32,312 - DEBUG - Verified file 838055
2024-03-26 01:04:32,507 - DEBUG - Verified file 819771
2024-03-26 01:04:32,666 - DEBUG - Verified file 829238
2024-03-26 01:04:32,707 - DEBUG - Verified file 831479
2024-03-26 01:04:32,882 - DEBUG - Verified file 835276
2024-03-26 01:04:32,959 - DEBUG - Verified file 818724
2024-03-26 01:04:33,012 - DEBUG - Verified file 822167
2024-03-26 01:04:33,451 - DEBUG - Verified file 829542
2024-03-26 01:04:33,643 - DEBUG - Verified file 821927
2024-03-26 01:04:33,846 - DEBUG - Verified file 836084
2024-03-26 01:04:34,416 - DEBUG - Verified file 820252
2024-03-26 01:04:34,606 - DEBUG - Verified file 831651
2024-03-26 01:04:34,610 - DEBUG - Verified file 823218
2024-03-26 01:04:34,637 - DEBUG - Verified file 829985
2024-03-26 01:04:34,662 - DEBUG - Verified file 834086
2024-03-26 01:04:34,733 - DEBUG - Verified file 822156
2024-03-26 01:04:34,887 - DEBUG - Verified file 820993
2024-03-26 01:04:34,887 - DEBUG - Verified file 826392
2024-03-26 01:04:35,003 - DEBUG - Verified file 826260
2024-03-26 01:04:35,046 - DEBUG - Verified file 823663
2024-03-26 01:04:35,067 - DEBUG - Verified file 829017
2024-03-26 01:04:35,128 - DEBUG - Verified file 829886
2024-03-26 01:04:35,290 - DEBUG - Verified file 823405
2024-03-26 01:04:35,707 - DEBUG - Verified file 821483
2024-03-26 01:04:35,743 - DEBUG - Verified file 828281
2024-03-26 01:04:35,951 - DEBUG - Verified file 835477
2024-03-26 01:04:36,110 - DEBUG - Verified file 821867
2024-03-26 01:04:36,193 - DEBUG - Verified file 832104
2024-03-26 01:04:36,199 - DEBUG - Verified file 835792
2024-03-26 01:04:36,200 - DEBUG - Verified file 836126
2024-03-26 01:04:36,374 - DEBUG - Verified file 821540
2024-03-26 01:04:36,418 - DEBUG - Verified file 829444
2024-03-26 01:04:36,456 - DEBUG - Verified file 830016
2024-03-26 01:04:36,531 - DEBUG - Verified file 831829
2024-03-26 01:04:36,630 - DEBUG - Verified file 820926
2024-03-26 01:04:36,816 - DEBUG - Verified file 831295
2024-03-26 01:04:36,823 - DEBUG - Verified file 836936
2024-03-26 01:04:37,175 - DEBUG - Verified file 836413
2024-03-26 01:04:37,261 - DEBUG - Verified file 824269
2024-03-26 01:04:37,531 - DEBUG - Verified file 821787
2024-03-26 01:04:37,828 - DEBUG - Verified file 825436
2024-03-26 01:04:38,012 - DEBUG - Verified file 819785
2024-03-26 01:04:38,048 - DEBUG - Verified file 821877
2024-03-26 01:04:38,183 - DEBUG - Verified file 835629
2024-03-26 01:04:38,239 - DEBUG - Verified file 821306
2024-03-26 01:04:38,305 - DEBUG - Verified file 830761
2024-03-26 01:04:38,358 - DEBUG - Verified file 836459
2024-03-26 01:04:38,359 - DEBUG - Thread finished. Processed: 6 Verified: 5 NEW:0 
2024-03-26 01:04:38,363 - DEBUG - Thread finished. Processed: 5 Verified: 4 NEW:0 
2024-03-26 01:04:38,392 - DEBUG - Thread finished. Processed: 6 Verified: 5 NEW:0 
2024-03-26 01:04:38,395 - DEBUG - Thread finished. Processed: 5 Verified: 4 NEW:0 
2024-03-26 01:04:38,399 - DEBUG - Thread finished. Processed: 6 Verified: 5 NEW:0 
2024-03-26 01:04:38,419 - DEBUG - Thread finished. Processed: 5 Verified: 4 NEW:0 
2024-03-26 01:04:38,432 - DEBUG - Thread finished. Processed: 5 Verified: 4 NEW:0 
2024-03-26 01:04:38,461 - DEBUG - Thread finished. Processed: 5 Verified: 4 NEW:0 
2024-03-26 01:04:38,484 - DEBUG - Thread finished. Processed: 6 Verified: 5 NEW:0 
2024-03-26 01:04:38,485 - DEBUG - Thread finished. Processed: 5 Verified: 4 NEW:0 
2024-03-26 01:04:38,505 - DEBUG - Thread finished. Processed: 5 Verified: 4 NEW:0 
2024-03-26 01:04:38,510 - DEBUG - Thread finished. Processed: 6 Verified: 5 NEW:0 
2024-03-26 01:04:38,521 - DEBUG - Thread finished. Processed: 5 Verified: 4 NEW:0 
2024-03-26 01:04:38,539 - DEBUG - Thread finished. Processed: 5 Verified: 4 NEW:0 
2024-03-26 01:04:38,592 - DEBUG - Thread finished. Processed: 5 Verified: 4 NEW:0 
2024-03-26 01:04:38,595 - DEBUG - Thread finished. Processed: 7 Verified: 6 NEW:0 
2024-03-26 01:04:38,608 - DEBUG - Thread finished. Processed: 6 Verified: 5 NEW:0 
2024-03-26 01:04:38,631 - DEBUG - Thread finished. Processed: 5 Verified: 4 NEW:0 
2024-03-26 01:04:38,689 - DEBUG - Thread finished. Processed: 4 Verified: 3 NEW:0 
2024-03-26 01:17:56,552 - DEBUG - Starting mala with command "-d /home/unknown/code/mala/samples/extracted/vxug/InTheWild.0013/ --extracted -v"
2024-03-26 01:17:56,553 - DEBUG - Checking target path /home/unknown/code/mala/samples/extracted/vxug/InTheWild.0013/
2024-03-26 01:17:56,553 - DEBUG - Handling 0 malware samples.
2024-03-26 01:18:19,923 - DEBUG - Starting mala with command "-d /home/unknown/code/mala/samples/extracted/vxug/InTheWild.0013/ --extracted"
2024-03-26 01:18:19,923 - DEBUG - Checking target path /home/unknown/code/mala/samples/extracted/vxug/InTheWild.0013/
2024-03-26 01:18:19,923 - DEBUG - Handling 0 malware samples.
2024-03-26 01:19:43,320 - DEBUG - Starting mala with command "-d /home/unknown/code/mala/samples/extracted/vxug/InTheWild.0013/ --extracted"
2024-03-26 01:19:43,320 - DEBUG - Checking target path /home/unknown/code/mala/samples/extracted/vxug/InTheWild.0013/
2024-03-26 01:19:43,320 - DEBUG - Handling 0 malware samples.
2024-03-26 01:20:09,473 - DEBUG - Starting mala with command "-d /home/unknown/code/mala/samples/extracted/vxug/InTheWild.0013/ --extracted"
2024-03-26 01:20:09,473 - DEBUG - Checking target path /home/unknown/code/mala/samples/extracted/vxug/InTheWild.0013/
2024-03-26 01:20:09,473 - DEBUG - Handling 0 malware samples.
2024-03-26 01:23:04,521 - DEBUG - Starting mala with command "-d /home/unknown/code/mala/samples/extracted/vxug/InTheWild.0013/ --extracted"
2024-03-26 01:23:04,521 - DEBUG - Checking target path /home/unknown/code/mala/samples/extracted/vxug/InTheWild.0013/
2024-03-26 01:23:04,521 - DEBUG - Handling 0 malware samples.
2024-03-26 01:23:26,736 - DEBUG - Starting mala with command "-d /home/unknown/code/mala/samples/extracted/vxug/InTheWild.0013/ --extracted"
2024-03-26 01:23:26,736 - DEBUG - Checking target path /home/unknown/code/mala/samples/extracted/vxug/InTheWild.0013/
2024-03-26 01:23:26,736 - DEBUG - Handling 0 malware samples.
2024-03-26 01:24:48,372 - DEBUG - Starting mala with command "-d /home/unknown/code/mala/samples/extracted/vxug/InTheWild.0013/ --extracted"
2024-03-26 01:24:48,372 - DEBUG - Checking target path /home/unknown/code/mala/samples/extracted/vxug/InTheWild.0013/
2024-03-26 01:24:48,390 - DEBUG - Handling 20000 malware samples.
2024-03-26 01:24:48,390 - DEBUG - Running with 32 threads and 32 chunks
2024-03-26 01:24:51,724 - DEBUG - Thread finished. Processed: 5 Verified: 0 NEW:4 
2024-03-26 01:24:51,724 - DEBUG - Thread finished. Processed: 7 Verified: 0 NEW:6 
2024-03-26 01:24:51,724 - DEBUG - Thread finished. Processed: 8 Verified: 0 NEW:7 
2024-03-26 01:24:51,725 - DEBUG - Thread finished. Processed: 8 Verified: 0 NEW:7 
2024-03-26 01:24:51,724 - DEBUG - Thread finished. Processed: 7 Verified: 0 NEW:6 
2024-03-26 01:24:51,727 - DEBUG - Thread finished. Processed: 5 Verified: 0 NEW:4 
2024-03-26 01:24:51,727 - DEBUG - Thread finished. Processed: 6 Verified: 0 NEW:5 
2024-03-26 01:24:51,724 - DEBUG - Thread finished. Processed: 8 Verified: 0 NEW:7 
2024-03-26 01:24:51,727 - DEBUG - Thread finished. Processed: 8 Verified: 0 NEW:7 
2024-03-26 01:24:51,727 - DEBUG - Thread finished. Processed: 8 Verified: 0 NEW:7 
2024-03-26 01:24:51,729 - DEBUG - Thread finished. Processed: 7 Verified: 0 NEW:6 
2024-03-26 01:24:51,728 - DEBUG - Thread finished. Processed: 7 Verified: 0 NEW:6 
2024-03-26 01:24:51,728 - DEBUG - Thread finished. Processed: 7 Verified: 0 NEW:6 
2024-03-26 01:24:51,729 - DEBUG - Thread finished. Processed: 8 Verified: 0 NEW:7 
2024-03-26 01:24:51,729 - DEBUG - Thread finished. Processed: 7 Verified: 0 NEW:6 
2024-03-26 01:24:51,729 - DEBUG - Thread finished. Processed: 7 Verified: 0 NEW:6 
2024-03-26 01:24:51,730 - DEBUG - Thread finished. Processed: 6 Verified: 0 NEW:5 
2024-03-26 01:24:51,730 - DEBUG - Thread finished. Processed: 7 Verified: 0 NEW:6 
2024-03-26 01:24:51,730 - DEBUG - Thread finished. Processed: 7 Verified: 0 NEW:6 
2024-03-26 01:24:51,730 - DEBUG - Thread finished. Processed: 7 Verified: 0 NEW:6 
2024-03-26 01:24:51,731 - DEBUG - Thread finished. Processed: 5 Verified: 0 NEW:4 
2024-03-26 01:24:51,731 - DEBUG - Thread finished. Processed: 7 Verified: 0 NEW:6 
2024-03-26 01:24:51,731 - DEBUG - Thread finished. Processed: 7 Verified: 0 NEW:6 
2024-03-26 01:24:51,731 - DEBUG - Thread finished. Processed: 7 Verified: 0 NEW:6 
2024-03-26 01:24:51,731 - DEBUG - Thread finished. Processed: 7 Verified: 0 NEW:6 
2024-03-26 01:24:51,731 - DEBUG - Thread finished. Processed: 8 Verified: 0 NEW:7 
2024-03-26 01:24:51,731 - DEBUG - Thread finished. Processed: 8 Verified: 0 NEW:7 
2024-03-26 01:24:51,732 - DEBUG - Thread finished. Processed: 7 Verified: 0 NEW:6 
2024-03-26 01:24:51,733 - DEBUG - Thread finished. Processed: 7 Verified: 0 NEW:6 
2024-03-26 01:24:51,733 - DEBUG - Thread finished. Processed: 7 Verified: 0 NEW:6 
2024-03-26 01:24:51,733 - DEBUG - Thread finished. Processed: 6 Verified: 0 NEW:5 
2024-03-26 01:24:51,738 - DEBUG - Thread finished. Processed: 7 Verified: 0 NEW:6 
2024-03-26 01:25:39,595 - DEBUG - Starting mala with command "-d /home/unknown/code/mala/samples/extracted/vxug/InTheWild.0013/ --extracted"
2024-03-26 01:25:39,595 - DEBUG - Checking target path /home/unknown/code/mala/samples/extracted/vxug/InTheWild.0013/
2024-03-26 01:25:39,612 - DEBUG - Handling 20000 malware samples.
2024-03-26 01:25:39,612 - DEBUG - Running with 32 threads and 32 chunks
2024-03-26 01:30:31,588 - DEBUG - Thread finished. Processed: 625 Verified: 0 NEW:625 
2024-03-26 01:30:32,010 - DEBUG - Thread finished. Processed: 625 Verified: 0 NEW:625 
2024-03-26 01:30:32,187 - DEBUG - Thread finished. Processed: 625 Verified: 0 NEW:625 
2024-03-26 01:30:33,311 - DEBUG - Thread finished. Processed: 625 Verified: 0 NEW:625 
2024-03-26 01:30:34,503 - DEBUG - Thread finished. Processed: 625 Verified: 0 NEW:625 
2024-03-26 01:30:34,522 - DEBUG - Thread finished. Processed: 625 Verified: 0 NEW:625 
2024-03-26 01:30:34,929 - DEBUG - Thread finished. Processed: 625 Verified: 0 NEW:625 
2024-03-26 01:30:34,985 - DEBUG - Thread finished. Processed: 625 Verified: 0 NEW:625 
2024-03-26 01:30:35,153 - DEBUG - Thread finished. Processed: 625 Verified: 0 NEW:625 
2024-03-26 01:30:35,342 - DEBUG - Thread finished. Processed: 625 Verified: 0 NEW:625 
2024-03-26 01:30:35,362 - DEBUG - Thread finished. Processed: 625 Verified: 0 NEW:625 
2024-03-26 01:30:35,396 - DEBUG - Thread finished. Processed: 625 Verified: 0 NEW:625 
2024-03-26 01:30:36,012 - DEBUG - Thread finished. Processed: 625 Verified: 0 NEW:625 
2024-03-26 01:30:36,034 - DEBUG - Thread finished. Processed: 625 Verified: 0 NEW:625 
2024-03-26 01:30:36,082 - DEBUG - Thread finished. Processed: 625 Verified: 0 NEW:625 
2024-03-26 01:30:36,356 - DEBUG - Thread finished. Processed: 625 Verified: 0 NEW:625 
2024-03-26 01:30:36,677 - DEBUG - Thread finished. Processed: 625 Verified: 0 NEW:625 
2024-03-26 01:30:36,814 - DEBUG - Thread finished. Processed: 625 Verified: 0 NEW:625 
2024-03-26 01:30:37,153 - DEBUG - Thread finished. Processed: 625 Verified: 0 NEW:625 
2024-03-26 01:30:37,221 - DEBUG - Thread finished. Processed: 625 Verified: 0 NEW:625 
2024-03-26 01:30:37,552 - DEBUG - Thread finished. Processed: 625 Verified: 0 NEW:625 
2024-03-26 01:30:37,702 - DEBUG - Thread finished. Processed: 625 Verified: 0 NEW:625 
2024-03-26 01:30:38,514 - DEBUG - Thread finished. Processed: 625 Verified: 0 NEW:625 
2024-03-26 01:30:38,889 - DEBUG - Thread finished. Processed: 625 Verified: 0 NEW:625 
2024-03-26 01:30:38,948 - DEBUG - Thread finished. Processed: 625 Verified: 0 NEW:625 
2024-03-26 01:30:39,090 - DEBUG - Thread finished. Processed: 625 Verified: 0 NEW:625 
2024-03-26 01:30:39,354 - DEBUG - Thread finished. Processed: 625 Verified: 0 NEW:625 
2024-03-26 01:30:40,287 - DEBUG - Thread finished. Processed: 625 Verified: 0 NEW:625 
2024-03-26 01:30:40,851 - DEBUG - Thread finished. Processed: 625 Verified: 0 NEW:625 
2024-03-26 01:30:41,958 - DEBUG - Thread finished. Processed: 625 Verified: 0 NEW:625 
2024-03-26 01:30:42,206 - DEBUG - Thread finished. Processed: 625 Verified: 0 NEW:625 
2024-03-26 01:30:43,149 - DEBUG - Thread finished. Processed: 625 Verified: 0 NEW:625 
